<?xml version="1.0" encoding="UTF-8"?>
<!-- Generated by org.testng.reporters.JUnitReportReporter -->
<testsuite hostname="DESKTOP-QNHJ5Q7" failures="0" tests="3" name="dataDrivenTest.NOPComLogin" time="33.087" errors="0" timestamp="2022-11-03T02:44:56 PDT" skipped="0">
  <testcase classname="dataDrivenTest.NOPComLogin" name="verifyLoginWithInValidUser" time="11.411"/>
  <system-out/>
  <testcase classname="dataDrivenTest.NOPComLogin" name="verifyLoginWithInValidUser" time="10.812"/>
  <system-out/>
  <testcase classname="dataDrivenTest.NOPComLogin" name="verifyLoginWithInValidUser" time="10.864"/>
  <system-out/>
</testsuite> <!-- dataDrivenTest.NOPComLogin -->
